c:\2kurs\ооп\game\game\debug\game.pch
c:\2kurs\ооп\game\game\debug\vc140.pdb
c:\2kurs\ооп\game\game\debug\stdafx.obj
c:\2kurs\ооп\game\game\debug\assemblyinfo.obj
c:\2kurs\ооп\game\game\debug\.netframework,version=v4.5.2.assemblyattributes.obj
c:\2kurs\ооп\game\game\debug\.netframework,version=v4.5.2.assemblyattributes.asm
c:\2kurs\ооп\game\game\debug\game.obj
c:\2kurs\ооп\game\game\debug\action.obj
c:\2kurs\ооп\game\debug\game.exe
c:\2kurs\ооп\game\debug\game.pdb
c:\2kurs\ооп\game\game\debug\app.res
c:\2kurs\ооп\game\game\debug\game.tlog\cl.command.1.tlog
c:\2kurs\ооп\game\game\debug\game.tlog\cl.read.1.tlog
c:\2kurs\ооп\game\game\debug\game.tlog\cl.write.1.tlog
c:\2kurs\ооп\game\game\debug\game.tlog\link.command.1.tlog
c:\2kurs\ооп\game\game\debug\game.tlog\link.read.1.tlog
c:\2kurs\ооп\game\game\debug\game.tlog\link.write.1.tlog
c:\2kurs\ооп\game\game\debug\game.tlog\metagen.read.1.tlog
c:\2kurs\ооп\game\game\debug\game.tlog\metagen.write.1.tlog
c:\2kurs\ооп\game\game\debug\game.tlog\rc.command.1.tlog
c:\2kurs\ооп\game\game\debug\game.tlog\rc.read.1.tlog
c:\2kurs\ооп\game\game\debug\game.tlog\rc.write.1.tlog
c:\2kurs\ооп\game\game\debug\game.tlog\tzres.dll.bi
